<?xml version="1.0" encoding="UTF-8"?>
<!-- Generated by org.testng.reporters.JUnitReportReporter -->
<testsuite hostname="Niveditas-MacBook-Air.local" failures="0" tests="1" name="org.example.FirefoxStabndAloneTest2" time="0.000" errors="0" timestamp="2023-06-22T11:42:41 AEST" skipped="1">
  <testcase classname="org.example.FirefoxStabndAloneTest2" name="triggerChrome2" time="0.000">
    <skipped/>
  </testcase> <!-- triggerChrome2 -->
</testsuite> <!-- org.example.FirefoxStabndAloneTest2 -->
